<?xml version="1.0" encoding="UTF-8" standalone="yes"?>
<testsuites time="46.147" tests="1" failures="0" errors="0">
    <testsuite name="GraphWalker" tests="1" failures="0" errors="0" time="46.147" timestamp="2018-12-05T13:20:43">
        <properties>
            <property name="awt.toolkit" value="sun.awt.windows.WToolkit"/>
            <property name="classworlds.conf" value="D:\apache-maven-3.5.2\bin\..\bin\m2.conf"/>
            <property name="env.=::" value="::\"/>
            <property name="env.=C:" value="C:\Users\che25144"/>
            <property name="env.=D:" value="D:\ProgramFiles\Ecl_workspace\GMaintPage"/>
            <property name="env.=EXITCODE" value="00000000"/>
            <property name="env.ALLUSERSPROFILE" value="C:\ProgramData"/>
            <property name="env.APPDATA" value="C:\Users\che25144\AppData\Roaming"/>
            <property name="env.CLASSWORLDS_JAR" value="&quot;D:\apache-maven-3.5.2\bin\..\boot\plexus-classworlds-2.5.2.jar&quot;"/>
            <property name="env.CLASSWORLDS_LAUNCHER" value="org.codehaus.plexus.classworlds.launcher.Launcher"/>
            <property name="env.COMMONPROGRAMFILES" value="C:\Program Files\Common Files"/>
            <property name="env.COMMONPROGRAMFILES(X86)" value="C:\Program Files (x86)\Common Files"/>
            <property name="env.COMMONPROGRAMW6432" value="C:\Program Files\Common Files"/>
            <property name="env.COMPUTERNAME" value="CHEMASV113874"/>
            <property name="env.COMSPEC" value="C:\Windows\system32\cmd.exe"/>
            <property name="env.DEFLOGDIR" value="C:\ProgramData\McAfee\Endpoint Security\Logs"/>
            <property name="env.ERROR_CODE" value="0"/>
            <property name="env.EXEC_DIR" value="D:\ProgramFiles\Ecl_workspace\GMaintPage"/>
            <property name="env.FPS_BROWSER_APP_PROFILE_STRING" value="Internet Explorer"/>
            <property name="env.FPS_BROWSER_USER_PROFILE_STRING" value="Default"/>
            <property name="env.HOMEDRIVE" value="C:"/>
            <property name="env.HOMEPATH" value="\Users\che25144"/>
            <property name="env.JAVACMD" value="C:\Program Files\Java\jdk1.8.0_172\bin\java.exe"/>
            <property name="env.JAVA_HOME" value="C:\Program Files\Java\jdk1.8.0_172"/>
            <property name="env.JVMCONFIG" value="\.mvn\jvm.config"/>
            <property name="env.LOCALAPPDATA" value="C:\Users\che25144\AppData\Local"/>
            <property name="env.LOGONSERVER" value="\\CHEDC002"/>
            <property name="env.MAVEN_CMD_LINE_ARGS" value="graphwalker:test"/>
            <property name="env.MAVEN_HOME" value="D:\apache-maven-3.5.2\bin\.."/>
            <property name="env.MAVEN_PROJECTBASEDIR" value="D:\ProgramFiles\Ecl_workspace\GMaintPage"/>
            <property name="env.NUMBER_OF_PROCESSORS" value="4"/>
            <property name="env.ONEDRIVE" value="C:\Users\che25144\OneDrive"/>
            <property name="env.OS" value="Windows_NT"/>
            <property name="env.PATH" value="C:\Program Files (x86)\Common Files\Oracle\Java\javapath;D:\Python27\;D:\Python27\Scripts;C:\Program Files\Common Files\Microsoft Shared\Microsoft Online Services;C:\Program Files (x86)\Common Files\Microsoft Shared\Microsoft Online Services;C:\Windows\system32;C:\Windows;C:\Windows\System32\Wbem;C:\Windows\System32\WindowsPowerShell\v1.0\;C:\Windows\CCM;D:\apache-maven-3.5.2\bin;C:\Program Files\Java\jdk1.8.0_172\bin;D:\Python36;D:\Python36\Scripts;C:\Program Files\Common Files\Microsoft Shared\Microsoft Online Services;C:\Program Files (x86)\Common Files\Microsoft Shared\Microsoft Online Services;C:\Windows\system32;C:\Windows;C:\Windows\System32\Wbem;C:\Windows\System32\WindowsPowerShell\v1.0\;C:\Windows\CCM;C:\Program Files\TortoiseSVN\bin;C:\Program Files (x86)\Skype\Phone\;C:\Program Files\Common Files\Microsoft Shared\Microsoft Online Services;C:\Program Files (x86)\Common Files\Microsoft Shared\Microsoft Online Services;C:\Windows\system32;C:\Windows;C:\Windows\System32\Wbem;C:\Windows\System32\WindowsPowerShell\v1.0\;C:\Windows\CCM;C:\Program Files\TortoiseSVN\bin;C:\Users\che25144\AppData\Local\Programs\Git\cmd"/>
            <property name="env.PATHEXT" value=".COM;.EXE;.BAT;.CMD;.VBS;.VBE;.JS;.JSE;.WSF;.WSH;.MSC"/>
            <property name="env.PROCESSOR_ARCHITECTURE" value="AMD64"/>
            <property name="env.PROCESSOR_IDENTIFIER" value="Intel64 Family 6 Model 61 Stepping 4, GenuineIntel"/>
            <property name="env.PROCESSOR_LEVEL" value="6"/>
            <property name="env.PROCESSOR_REVISION" value="3d04"/>
            <property name="env.PROGRAMDATA" value="C:\ProgramData"/>
            <property name="env.PROGRAMFILES" value="C:\Program Files"/>
            <property name="env.PROGRAMFILES(X86)" value="C:\Program Files (x86)"/>
            <property name="env.PROGRAMW6432" value="C:\Program Files"/>
            <property name="env.PROMPT" value="$P$G"/>
            <property name="env.PSMODULEPATH" value="C:\Program Files\WindowsPowerShell\Modules;C:\Windows\system32\WindowsPowerShell\v1.0\Modules"/>
            <property name="env.PUBLIC" value="C:\Users\Public"/>
            <property name="env.PYTHONPATH" value="C:\ProgramData\Anaconda3;C:\ProgramData\Anaconda3\DLLs;C:\ProgramData\Anaconda3\Lib;C:\ProgramData\Anaconda3\Scripts"/>
            <property name="env.SESSIONNAME" value="Console"/>
            <property name="env.SNOW_AGENT" value="C:\Program Files\Snow Software\Inventory\Agent"/>
            <property name="env.SYSTEMDRIVE" value="C:"/>
            <property name="env.SYSTEMROOT" value="C:\Windows"/>
            <property name="env.TEMP" value="C:\Users\che25144\AppData\Local\Temp"/>
            <property name="env.TMP" value="C:\Users\che25144\AppData\Local\Temp"/>
            <property name="env.UATDATA" value="C:\Windows\CCM\UATData\D9F8C395-CAB8-491d-B8AC-179A1FE1BE77"/>
            <property name="env.USERDNSDOMAIN" value="AD.ARICENT.COM"/>
            <property name="env.USERDOMAIN" value="AD"/>
            <property name="env.USERDOMAIN_ROAMINGPROFILE" value="AD"/>
            <property name="env.USERNAME" value="CHE25144"/>
            <property name="env.USERPROFILE" value="C:\Users\che25144"/>
            <property name="env.WDIR" value="D:\"/>
            <property name="env.WINDIR" value="C:\Windows"/>
            <property name="file.encoding" value="Cp1252"/>
            <property name="file.encoding.pkg" value="sun.io"/>
            <property name="file.separator" value="\"/>
            <property name="java.awt.graphicsenv" value="sun.awt.Win32GraphicsEnvironment"/>
            <property name="java.awt.printerjob" value="sun.awt.windows.WPrinterJob"/>
            <property name="java.class.path" value="D:\apache-maven-3.5.2\bin\..\boot\plexus-classworlds-2.5.2.jar"/>
            <property name="java.class.version" value="52.0"/>
            <property name="java.endorsed.dirs" value="C:\Program Files\Java\jdk1.8.0_172\jre\lib\endorsed"/>
            <property name="java.ext.dirs" value="C:\Program Files\Java\jdk1.8.0_172\jre\lib\ext;C:\Windows\Sun\Java\lib\ext"/>
            <property name="java.home" value="C:\Program Files\Java\jdk1.8.0_172\jre"/>
            <property name="java.io.tmpdir" value="C:\Users\che25144\AppData\Local\Temp\"/>
            <property name="java.library.path" value="C:\Program Files\Java\jdk1.8.0_172\bin;C:\Windows\Sun\Java\bin;C:\Windows\system32;C:\Windows;C:\Program Files (x86)\Common Files\Oracle\Java\javapath;D:\Python27\;D:\Python27\Scripts;C:\Program Files\Common Files\Microsoft Shared\Microsoft Online Services;C:\Program Files (x86)\Common Files\Microsoft Shared\Microsoft Online Services;C:\Windows\system32;C:\Windows;C:\Windows\System32\Wbem;C:\Windows\System32\WindowsPowerShell\v1.0\;C:\Windows\CCM;D:\apache-maven-3.5.2\bin;C:\Program Files\Java\jdk1.8.0_172\bin;D:\Python36;D:\Python36\Scripts;C:\Program Files\Common Files\Microsoft Shared\Microsoft Online Services;C:\Program Files (x86)\Common Files\Microsoft Shared\Microsoft Online Services;C:\Windows\system32;C:\Windows;C:\Windows\System32\Wbem;C:\Windows\System32\WindowsPowerShell\v1.0\;C:\Windows\CCM;C:\Program Files\TortoiseSVN\bin;C:\Program Files (x86)\Skype\Phone\;C:\Program Files\Common Files\Microsoft Shared\Microsoft Online Services;C:\Program Files (x86)\Common Files\Microsoft Shared\Microsoft Online Services;C:\Windows\system32;C:\Windows;C:\Windows\System32\Wbem;C:\Windows\System32\WindowsPowerShell\v1.0\;C:\Windows\CCM;C:\Program Files\TortoiseSVN\bin;C:\Users\che25144\AppData\Local\Programs\Git\cmd;."/>
            <property name="java.runtime.name" value="Java(TM) SE Runtime Environment"/>
            <property name="java.runtime.version" value="1.8.0_172-b11"/>
            <property name="java.specification.name" value="Java Platform API Specification"/>
            <property name="java.specification.vendor" value="Oracle Corporation"/>
            <property name="java.specification.version" value="1.8"/>
            <property name="java.vendor" value="Oracle Corporation"/>
            <property name="java.vendor.url" value="http://java.oracle.com/"/>
            <property name="java.vendor.url.bug" value="http://bugreport.sun.com/bugreport/"/>
            <property name="java.version" value="1.8.0_172"/>
            <property name="java.vm.info" value="mixed mode"/>
            <property name="java.vm.name" value="Java HotSpot(TM) 64-Bit Server VM"/>
            <property name="java.vm.specification.name" value="Java Virtual Machine Specification"/>
            <property name="java.vm.specification.vendor" value="Oracle Corporation"/>
            <property name="java.vm.specification.version" value="1.8"/>
            <property name="java.vm.vendor" value="Oracle Corporation"/>
            <property name="java.vm.version" value="25.172-b11"/>
            <property name="library.jansi.path" value="D:\apache-maven-3.5.2\bin\..\lib\jansi-native"/>
            <property name="line.separator" value="&#xD;&#xA;"/>
            <property name="maven.build.version" value="Apache Maven 3.5.2 (138edd61fd100ec658bfa2d307c43b76940a5d7d; 2017-10-18T13:28:13+05:30)"/>
            <property name="maven.conf" value="D:\apache-maven-3.5.2\bin\../conf"/>
            <property name="maven.home" value="D:\apache-maven-3.5.2\bin\.."/>
            <property name="maven.multiModuleProjectDirectory" value="D:\ProgramFiles\Ecl_workspace\GMaintPage"/>
            <property name="maven.version" value="3.5.2"/>
            <property name="os.arch" value="amd64"/>
            <property name="os.name" value="Windows 10"/>
            <property name="os.version" value="10.0"/>
            <property name="path.separator" value=";"/>
            <property name="sun.arch.data.model" value="64"/>
            <property name="sun.boot.class.path" value="C:\Program Files\Java\jdk1.8.0_172\jre\lib\resources.jar;C:\Program Files\Java\jdk1.8.0_172\jre\lib\rt.jar;C:\Program Files\Java\jdk1.8.0_172\jre\lib\sunrsasign.jar;C:\Program Files\Java\jdk1.8.0_172\jre\lib\jsse.jar;C:\Program Files\Java\jdk1.8.0_172\jre\lib\jce.jar;C:\Program Files\Java\jdk1.8.0_172\jre\lib\charsets.jar;C:\Program Files\Java\jdk1.8.0_172\jre\lib\jfr.jar;C:\Program Files\Java\jdk1.8.0_172\jre\classes"/>
            <property name="sun.boot.library.path" value="C:\Program Files\Java\jdk1.8.0_172\jre\bin"/>
            <property name="sun.cpu.endian" value="little"/>
            <property name="sun.cpu.isalist" value="amd64"/>
            <property name="sun.desktop" value="windows"/>
            <property name="sun.io.unicode.encoding" value="UnicodeLittle"/>
            <property name="sun.java.command" value="org.codehaus.plexus.classworlds.launcher.Launcher graphwalker:test"/>
            <property name="sun.java.launcher" value="SUN_STANDARD"/>
            <property name="sun.jnu.encoding" value="Cp1252"/>
            <property name="sun.management.compiler" value="HotSpot 64-Bit Tiered Compilers"/>
            <property name="sun.os.patch.level" value=""/>
            <property name="sun.stderr.encoding" value="cp437"/>
            <property name="sun.stdout.encoding" value="cp437"/>
            <property name="user.country" value="US"/>
            <property name="user.dir" value="D:\ProgramFiles\Ecl_workspace\GMaintPage"/>
            <property name="user.home" value="C:\Users\che25144"/>
            <property name="user.language" value="en"/>
            <property name="user.name" value="CHE25144"/>
            <property name="user.script" value=""/>
            <property name="user.timezone" value=""/>
            <property name="user.variant" value=""/>
        </properties>
        <testcase name="MaintPageLoginImpl" time="46.147" classname="com.company.MaintPageLoginImpl"/>
    </testsuite>
</testsuites>
